Using pre-set license
Built from '2020.3/staging' branch; Version is '2020.3.13f1 (71691879b7f5) revision 7432472'; Using compiler version '192528614'; Build Type 'Release'
OS: 'Windows 10 Pro; OS build 19043.1110; Version 2009; 64bit' Language: 'ko' Physical Memory: 130975 MB
BatchMode: 1, IsHumanControllingUs: 0, StartBugReporterOnCrash: 0, Is64bit: 1, IsPro: 0

 COMMAND LINE ARGUMENTS:
C:\Program Files\Unity\Hub\Editor\2020.3.13f1\Editor\Unity.exe
-adb2
-batchMode
-noUpm
-name
AssetImportWorker0
-projectPath
D:/Unity/unity-ARFoundation-Remote-Git/ARFoundationRemote
-logFile
Logs/AssetImportWorker0.log
-srvPort
59940
Successfully changed project path to: D:/Unity/unity-ARFoundation-Remote-Git/ARFoundationRemote
D:/Unity/unity-ARFoundation-Remote-Git/ARFoundationRemote
Using Asset Import Pipeline V2.
Refreshing native plugins compatible for Editor in 23.86 ms, found 2 plugins.
Preloading 0 native plugins for Editor in 0.00 ms.
Initialize engine version: 2020.3.13f1 (71691879b7f5)
[Subsystems] Discovering subsystems at path C:/Program Files/Unity/Hub/Editor/2020.3.13f1/Editor/Data/Resources/UnitySubsystems
[Subsystems] Discovering subsystems at path D:/Unity/unity-ARFoundation-Remote-Git/ARFoundationRemote/Assets
GfxDevice: creating device client; threaded=0
Direct3D:
    Version:  Direct3D 11.0 [level 11.1]
    Renderer: NVIDIA GeForce RTX 3060 (ID=0x2504)
    Vendor:   
    VRAM:     12143 MB
    Driver:   30.0.14.7111
Initialize mono
Mono path[0] = 'C:/Program Files/Unity/Hub/Editor/2020.3.13f1/Editor/Data/Managed'
Mono path[1] = 'C:/Program Files/Unity/Hub/Editor/2020.3.13f1/Editor/Data/MonoBleedingEdge/lib/mono/unityjit'
Mono config path = 'C:/Program Files/Unity/Hub/Editor/2020.3.13f1/Editor/Data/MonoBleedingEdge/etc'
Using monoOptions --debugger-agent=transport=dt_socket,embedding=1,server=y,suspend=n,address=127.0.0.1:56044
Begin MonoManager ReloadAssembly
Registering precompiled unity dll's ...
Register platform support module: C:/Program Files/Unity/Hub/Editor/2020.3.13f1/Editor/Data/PlaybackEngines/WindowsStandaloneSupport/UnityEditor.WindowsStandalone.Extensions.dll
Registered in 0.001334 seconds.
Native extension for WindowsStandalone target not found
Refreshing native plugins compatible for Editor in 22.08 ms, found 2 plugins.
Preloading 0 native plugins for Editor in 0.00 ms.
Mono: successfully reloaded assembly
- Completed reload, in  1.170 seconds
Platform modules already initialized, skipping
Registering precompiled user dll's ...
Registered in 0.002344 seconds.
Begin MonoManager ReloadAssembly
Native extension for WindowsStandalone target not found
Refreshing native plugins compatible for Editor in 0.41 ms, found 2 plugins.
Preloading 0 native plugins for Editor in 0.00 ms.
Mono: successfully reloaded assembly
- Completed reload, in  0.661 seconds
Platform modules already initialized, skipping
========================================================================
Worker process is ready to serve import requests
Launched and connected shader compiler UnityShaderCompiler.exe after 0.03 seconds
Refreshing native plugins compatible for Editor in 0.44 ms, found 2 plugins.
Preloading 0 native plugins for Editor in 0.00 ms.
Unloading 1876 Unused Serialized files (Serialized files now loaded: 0)
System memory in use before: 80.6 MB.
System memory in use after: 80.6 MB.

Unloading 25 unused Assets to reduce memory usage. Loaded Objects now: 2304.
Total: 1.735500 ms (FindLiveObjects: 0.150800 ms CreateObjectMapping: 0.035600 ms MarkObjects: 1.479200 ms  DeleteObjects: 0.069100 ms)

AssetImportParameters requested are different than current active one (requested -> active):
  custom:framework-win-MediaFoundation: 216162199b28c13a410421893ffa2e32 -> 
  custom:video-decoder-ogg-theora: a1e56fd34408186e4bbccfd4996cb3dc -> 
  custom:container-muxer-webm: aa71ff27fc2769a1b78a27578f13a17b -> 
  custom:container-demuxer-webm: 4f35f7cbe854078d1ac9338744f61a02 -> 
  custom:container-demuxer-ogg: 62fdf1f143b41e24485cea50d1cbac27 -> 
  custom:video-encoder-webm-vp8: eb34c28f22e8b96e1ab97ce403110664 -> 
  custom:video-decoder-webm-vp8: 9c59270c3fd7afecdb556c50c9e8de78 -> 
  custom:audio-decoder-ogg-vorbis: bf7c407c2cedff20999df2af8eb42d56 -> 
  custom:audio-encoder-webm-vorbis: bf7c407c2cedff20999df2af8eb42d56 -> 
========================================================================
Received Import Request.
  path: Assets
  artifactKey: Guid(00000000000000001000000000000000) Importer(815301076,1909f56bfc062723c751e8b465ee728b)
Start importing Assets using Guid(00000000000000001000000000000000) Importer(815301076,1909f56bfc062723c751e8b465ee728b)  -> (artifact id: '42d402b061de3733987d63b9cc3b64de') in 0.005738 seconds 
  Import took 0.007748 seconds .

========================================================================
Received Prepare
Registering precompiled user dll's ...
Registered in 0.004892 seconds.
Begin MonoManager ReloadAssembly
Native extension for WindowsStandalone target not found
Refreshing native plugins compatible for Editor in 0.57 ms, found 3 plugins.
Preloading 0 native plugins for Editor in 0.00 ms.
Mono: successfully reloaded assembly
- Completed reload, in  0.724 seconds
Platform modules already initialized, skipping
Switching build target platform(19) subTarget(0) extendedPlatform(0) -> platform(13) subTarget(524288) extendedPlatform(0)
Refreshing native plugins compatible for Editor in 0.56 ms, found 3 plugins.
Preloading 0 native plugins for Editor in 0.00 ms.
Unloading 2156 Unused Serialized files (Serialized files now loaded: 0)
System memory in use before: 89.9 MB.
System memory in use after: 89.3 MB.

Unloading 48 unused Assets to reduce memory usage. Loaded Objects now: 2575.
Total: 2.064500 ms (FindLiveObjects: 0.157100 ms CreateObjectMapping: 0.040400 ms MarkObjects: 1.590100 ms  DeleteObjects: 0.276000 ms)

AssetImportParameters requested are different than current active one (requested -> active):
  custom:framework-win-MediaFoundation: 216162199b28c13a410421893ffa2e32 -> 
  custom:video-decoder-ogg-theora: a1e56fd34408186e4bbccfd4996cb3dc -> 
  custom:container-muxer-webm: aa71ff27fc2769a1b78a27578f13a17b -> 
  custom:container-demuxer-webm: 4f35f7cbe854078d1ac9338744f61a02 -> 
  custom:container-demuxer-ogg: 62fdf1f143b41e24485cea50d1cbac27 -> 
  custom:video-encoder-webm-vp8: eb34c28f22e8b96e1ab97ce403110664 -> 
  custom:video-decoder-webm-vp8: 9c59270c3fd7afecdb556c50c9e8de78 -> 
  custom:graphics/normal-map-encoding: 01000000000000000000000000000000 -> 02000000000000000000000000000000
  custom:audio-decoder-ogg-vorbis: bf7c407c2cedff20999df2af8eb42d56 -> 
  custom:audio-encoder-webm-vorbis: bf7c407c2cedff20999df2af8eb42d56 -> 
========================================================================
Received Import Request.
  Time since last request: 161.046185 seconds.
  path: Assets/ARCoreSessionConfig.asset
  artifactKey: Guid(57eb45492f5455841a858143aacf227e) Importer(815301076,1909f56bfc062723c751e8b465ee728b)
Start importing Assets/ARCoreSessionConfig.asset using Guid(57eb45492f5455841a858143aacf227e) Importer(815301076,1909f56bfc062723c751e8b465ee728b)  -> (artifact id: 'd39df145349e24fe697080aea8cca229') in 0.022504 seconds 
  Import took 0.025494 seconds .

========================================================================
Received Import Request.
  Time since last request: 4.142800 seconds.
  path: Assets/ARCoreCameraConfigFilter.asset
  artifactKey: Guid(ff3a2f06953108049ba1efde8e47296a) Importer(815301076,1909f56bfc062723c751e8b465ee728b)
Start importing Assets/ARCoreCameraConfigFilter.asset using Guid(ff3a2f06953108049ba1efde8e47296a) Importer(815301076,1909f56bfc062723c751e8b465ee728b)  -> (artifact id: '652afa458a3b0f321b0c26d3a94afefa') in 0.004836 seconds 
  Import took 0.007452 seconds .

========================================================================
Received Import Request.
  Time since last request: 0.000283 seconds.
  path: Assets/ARCoreCameraConfigFilter.asset
  artifactKey: Guid(ff3a2f06953108049ba1efde8e47296a) Importer(815301076,1909f56bfc062723c751e8b465ee728b)
Start importing Assets/ARCoreCameraConfigFilter.asset using Guid(ff3a2f06953108049ba1efde8e47296a) Importer(815301076,1909f56bfc062723c751e8b465ee728b)  -> (artifact id: '652afa458a3b0f321b0c26d3a94afefa') in 0.001357 seconds 
  Import took 0.003146 seconds .

========================================================================
Received Import Request.
  Time since last request: 7.424520 seconds.
  path: Assets/XR/Loaders/AR Core Loader.asset
  artifactKey: Guid(b72f60dda50aab942b72dd00f6324561) Importer(815301076,1909f56bfc062723c751e8b465ee728b)
Start importing Assets/XR/Loaders/AR Core Loader.asset using Guid(b72f60dda50aab942b72dd00f6324561) Importer(815301076,1909f56bfc062723c751e8b465ee728b)  -> (artifact id: '11f702bb02c26e92764833d209865c3d') in 0.005737 seconds 
  Import took 0.008500 seconds .

========================================================================
Received Import Request.
  Time since last request: 0.000096 seconds.
  path: Assets/GoogleARCore/Examples/Common/Materials/ARCore_pawn.fbx
  artifactKey: Guid(f84456e53845d45738b1156787e9a29a) Importer(815301076,1909f56bfc062723c751e8b465ee728b)
Start importing Assets/GoogleARCore/Examples/Common/Materials/ARCore_pawn.fbx using Guid(f84456e53845d45738b1156787e9a29a) Importer(815301076,1909f56bfc062723c751e8b465ee728b)  -> (artifact id: 'ff8779a4db40fa232ed5c3c3406d69a6') in 0.232242 seconds 
  Import took 0.234533 seconds .

========================================================================
Received Import Request.
  Time since last request: 0.000153 seconds.
  path: Assets/XR/Settings/AR Core Settings.asset
  artifactKey: Guid(8449e3c8a53c7e0459cf545d02abeecb) Importer(815301076,1909f56bfc062723c751e8b465ee728b)
Start importing Assets/XR/Settings/AR Core Settings.asset using Guid(8449e3c8a53c7e0459cf545d02abeecb) Importer(815301076,1909f56bfc062723c751e8b465ee728b)  -> (artifact id: 'ab864af4516eb1ea21423ebed140eb4d') in 0.004165 seconds 
  Import took 0.006262 seconds .

========================================================================
Received Import Request.
  Time since last request: 0.000106 seconds.
  path: Assets/GoogleARCore/Examples/PersistentCloudAnchors/Prefabs/MapQualityBar.prefab
  artifactKey: Guid(9575e5b499c31483fa79b3754a2eb6ac) Importer(815301076,1909f56bfc062723c751e8b465ee728b)
Start importing Assets/GoogleARCore/Examples/PersistentCloudAnchors/Prefabs/MapQualityBar.prefab using Guid(9575e5b499c31483fa79b3754a2eb6ac) Importer(815301076,1909f56bfc062723c751e8b465ee728b)  -> (artifact id: 'e31514740042b098c739d4fd91abadc2') in 0.043588 seconds 
  Import took 0.046452 seconds .

========================================================================
Received Import Request.
  Time since last request: 0.000147 seconds.
  path: Assets/GoogleARCore/Examples/Common/Prefabs/ARCoreInstantPlacementPawn.prefab
  artifactKey: Guid(8e96b60701c1440b887507e8bf47cec8) Importer(815301076,1909f56bfc062723c751e8b465ee728b)
Start importing Assets/GoogleARCore/Examples/Common/Prefabs/ARCoreInstantPlacementPawn.prefab using Guid(8e96b60701c1440b887507e8bf47cec8) Importer(815301076,1909f56bfc062723c751e8b465ee728b)  -> (artifact id: '5ae04039913db26066f84f35f1b970ef') in 0.026503 seconds 
  Import took 0.029348 seconds .

========================================================================
Received Import Request.
  Time since last request: 0.000153 seconds.
  path: Assets/GoogleARCore/Examples/AugmentedFaces/Models/canonical_face_mesh.fbx
  artifactKey: Guid(538464acafcf3406f94cb7a5cb51f0ae) Importer(815301076,1909f56bfc062723c751e8b465ee728b)
Start importing Assets/GoogleARCore/Examples/AugmentedFaces/Models/canonical_face_mesh.fbx using Guid(538464acafcf3406f94cb7a5cb51f0ae) Importer(815301076,1909f56bfc062723c751e8b465ee728b)  -> (artifact id: '2f4275014dd9b9c85555959a449dbf86') in 0.031993 seconds 
  Import took 0.034719 seconds .

========================================================================
Received Import Request.
  Time since last request: 0.000150 seconds.
  path: Assets/GoogleARCore/Examples/AugmentedFaces/Models/fox_sample.fbx
  artifactKey: Guid(909f7e3faf16c4c1983434120ad9d7f1) Importer(815301076,1909f56bfc062723c751e8b465ee728b)
Start importing Assets/GoogleARCore/Examples/AugmentedFaces/Models/fox_sample.fbx using Guid(909f7e3faf16c4c1983434120ad9d7f1) Importer(815301076,1909f56bfc062723c751e8b465ee728b)  -> (artifact id: '1237eced2d83accc6e922440e441fc0a') in 0.058747 seconds 
  Import took 0.061428 seconds .

========================================================================
Received Import Request.
  Time since last request: 0.000153 seconds.
  path: Assets/GoogleARCore/Prefabs/ARCore Device.prefab
  artifactKey: Guid(c10877f7cd5764de18d46d7b777d1faa) Importer(815301076,1909f56bfc062723c751e8b465ee728b)
Start importing Assets/GoogleARCore/Prefabs/ARCore Device.prefab using Guid(c10877f7cd5764de18d46d7b777d1faa) Importer(815301076,1909f56bfc062723c751e8b465ee728b)  -> (artifact id: '75d6ef18f9121436e90963d667277a87') in 0.006549 seconds 
  Import took 0.009059 seconds .

========================================================================
Received Import Request.
  Time since last request: 0.000106 seconds.
  path: Assets/GoogleARCore/Examples/Common/Materials/cloud_anchor.fbx
  artifactKey: Guid(669ee420d8ea8449f91df60d461f6e3d) Importer(815301076,1909f56bfc062723c751e8b465ee728b)
Start importing Assets/GoogleARCore/Examples/Common/Materials/cloud_anchor.fbx using Guid(669ee420d8ea8449f91df60d461f6e3d) Importer(815301076,1909f56bfc062723c751e8b465ee728b)  -> (artifact id: '891266995a9c21b58ab172d8906c0bce') in 0.040827 seconds 
  Import took 0.043383 seconds .

========================================================================
Received Import Request.
  Time since last request: 0.000139 seconds.
  path: Assets/GoogleARCore/Examples/Common/Materials/Textures/HelloARIcon.png
  artifactKey: Guid(36b7440e71f344bef8fca770c2d365f8) Importer(815301076,1909f56bfc062723c751e8b465ee728b)
Start importing Assets/GoogleARCore/Examples/Common/Materials/Textures/HelloARIcon.png using Guid(36b7440e71f344bef8fca770c2d365f8) Importer(815301076,1909f56bfc062723c751e8b465ee728b)  -> (artifact id: '6d8edac83ff4deaedb65e34bbfd6af8a') in 0.013308 seconds 
  Import took 0.015576 seconds .

========================================================================
Received Import Request.
  Time since last request: 0.000111 seconds.
  path: Assets/GoogleARCore/Examples/Common/Prefabs/ARCorePawn.prefab
  artifactKey: Guid(8b604092cbb3d482da82845b61a6809b) Importer(815301076,1909f56bfc062723c751e8b465ee728b)
Start importing Assets/GoogleARCore/Examples/Common/Prefabs/ARCorePawn.prefab using Guid(8b604092cbb3d482da82845b61a6809b) Importer(815301076,1909f56bfc062723c751e8b465ee728b)  -> (artifact id: 'd40cc7865464f67af830b9880fcc0800') in 0.009341 seconds 
  Import took 0.011714 seconds .

========================================================================
Received Import Request.
  Time since last request: 0.000108 seconds.
  path: Assets/GoogleARCore/Examples/HelloAR/HelloARSessionConfig.asset
  artifactKey: Guid(4e47dbfd55f884d749206b5c8a5ef2ef) Importer(815301076,1909f56bfc062723c751e8b465ee728b)
Start importing Assets/GoogleARCore/Examples/HelloAR/HelloARSessionConfig.asset using Guid(4e47dbfd55f884d749206b5c8a5ef2ef) Importer(815301076,1909f56bfc062723c751e8b465ee728b)  -> (artifact id: 'db6f6487dd8854a72fccb34619f7a190') in 0.003164 seconds 
  Import took 0.005022 seconds .

========================================================================
Received Import Request.
  Time since last request: 0.000097 seconds.
  path: Assets/GoogleARCore/Examples/AugmentedFaces/Materials/Textures/ear_fur.png
  artifactKey: Guid(2ecbcbc6aaa874957b67ca6503e7a633) Importer(815301076,1909f56bfc062723c751e8b465ee728b)
Start importing Assets/GoogleARCore/Examples/AugmentedFaces/Materials/Textures/ear_fur.png using Guid(2ecbcbc6aaa874957b67ca6503e7a633) Importer(815301076,1909f56bfc062723c751e8b465ee728b)  -> (artifact id: 'f1d7b9ec688742c1da3bb3f9648ccd61') in 0.010197 seconds 
  Import took 0.012146 seconds .

========================================================================
Received Import Request.
  Time since last request: 0.000099 seconds.
  path: Assets/GoogleARCore/SDK/Materials/ARBackground.mat
  artifactKey: Guid(03ad0130a037647aeb60218f61aca114) Importer(815301076,1909f56bfc062723c751e8b465ee728b)
Start importing Assets/GoogleARCore/SDK/Materials/ARBackground.mat using Guid(03ad0130a037647aeb60218f61aca114) Importer(815301076,1909f56bfc062723c751e8b465ee728b)  -> (artifact id: '764a61d0205a851b4827046fcdf4f711') in 0.029281 seconds 
  Import took 0.031462 seconds .

========================================================================
Received Import Request.
  Time since last request: 0.000129 seconds.
  path: Assets/GoogleARCore/Examples/AugmentedFaces/Materials/FoxEarMaterial.mat
  artifactKey: Guid(8e3ccdbfb959e42c3b73ce3eabfbd40b) Importer(815301076,1909f56bfc062723c751e8b465ee728b)
Start importing Assets/GoogleARCore/Examples/AugmentedFaces/Materials/FoxEarMaterial.mat using Guid(8e3ccdbfb959e42c3b73ce3eabfbd40b) Importer(815301076,1909f56bfc062723c751e8b465ee728b)  -> (artifact id: 'b6f829c732838a2daf975999a96cd620') in 0.022824 seconds 
  Import took 0.025564 seconds .

========================================================================
Received Import Request.
  Time since last request: 40.781673 seconds.
  path: Assets/XR/XRGeneralSettings.asset
  artifactKey: Guid(48b997b7eb2183c4895b4afe1b51796c) Importer(815301076,1909f56bfc062723c751e8b465ee728b)
Start importing Assets/XR/XRGeneralSettings.asset using Guid(48b997b7eb2183c4895b4afe1b51796c) Importer(815301076,1909f56bfc062723c751e8b465ee728b)  -> (artifact id: '00e4368fb9fd532100803b8cd8ddc627') in 0.008115 seconds 
  Import took 0.010948 seconds .

========================================================================
Received Import Request.
  Time since last request: 0.000116 seconds.
  path: Assets/GoogleARCore/Configurations/DefaultSessionConfig.asset
  artifactKey: Guid(9586a84d6c32f46b6ab7aeb6042f160d) Importer(815301076,1909f56bfc062723c751e8b465ee728b)
Start importing Assets/GoogleARCore/Configurations/DefaultSessionConfig.asset using Guid(9586a84d6c32f46b6ab7aeb6042f160d) Importer(815301076,1909f56bfc062723c751e8b465ee728b)  -> (artifact id: 'b57cdb8221c8070350565c420b2b4142') in 0.003897 seconds 
  Import took 0.006172 seconds .

========================================================================
Received Import Request.
  Time since last request: 0.000131 seconds.
  path: Assets/GoogleARCore/Examples/AugmentedImage/Materials/Frame/FrameLowerRight.obj
  artifactKey: Guid(1824455c8ec9e45ceb5a919fe307ab24) Importer(815301076,1909f56bfc062723c751e8b465ee728b)
Start importing Assets/GoogleARCore/Examples/AugmentedImage/Materials/Frame/FrameLowerRight.obj using Guid(1824455c8ec9e45ceb5a919fe307ab24) Importer(815301076,1909f56bfc062723c751e8b465ee728b)  -> (artifact id: '8140eec08b369030a5e27f5b1965bc00') in 0.032084 seconds 
  Import took 0.034770 seconds .

========================================================================
Received Import Request.
  Time since last request: 0.000133 seconds.
  path: Assets/GoogleARCore/Examples/Common/Materials/CameraDebugMaterial.mat
  artifactKey: Guid(9e678014089284d339c7ab6f7bd965f9) Importer(815301076,1909f56bfc062723c751e8b465ee728b)
Start importing Assets/GoogleARCore/Examples/Common/Materials/CameraDebugMaterial.mat using Guid(9e678014089284d339c7ab6f7bd965f9) Importer(815301076,1909f56bfc062723c751e8b465ee728b)  -> (artifact id: '34c2e259fc4b6a522f41cd497279b269') in 0.023269 seconds 
  Import took 0.025977 seconds .

========================================================================
Received Import Request.
  Time since last request: 0.000141 seconds.
  path: Assets/GoogleARCore/Examples/AugmentedImage/Materials/Frame/FrameUpperLeft.obj
  artifactKey: Guid(6666c2b1b39a3466c96b2a4be1428ced) Importer(815301076,1909f56bfc062723c751e8b465ee728b)
Start importing Assets/GoogleARCore/Examples/AugmentedImage/Materials/Frame/FrameUpperLeft.obj using Guid(6666c2b1b39a3466c96b2a4be1428ced) Importer(815301076,1909f56bfc062723c751e8b465ee728b)  -> (artifact id: 'ed8fb02058a71dcbc419c74f91bba28e') in 0.027493 seconds 
  Import took 0.029805 seconds .

========================================================================
Received Import Request.
  Time since last request: 0.000133 seconds.
  path: Assets/GoogleARCore/Examples/ComputerVision/Materials/EdgeDetectionBackgroundMaterial.mat
  artifactKey: Guid(44aa46aeaaf4d46a79e18f3e2da31ccc) Importer(815301076,1909f56bfc062723c751e8b465ee728b)
Start importing Assets/GoogleARCore/Examples/ComputerVision/Materials/EdgeDetectionBackgroundMaterial.mat using Guid(44aa46aeaaf4d46a79e18f3e2da31ccc) Importer(815301076,1909f56bfc062723c751e8b465ee728b)  -> (artifact id: '35f450fe7a0bdc417d47426158859181') in 0.023082 seconds 
  Import took 0.026293 seconds .

========================================================================
Received Import Request.
  Time since last request: 0.000221 seconds.
  path: Assets/GoogleARCore/Examples/AugmentedImage/Materials/Frame/FrameLowerLeft.obj
  artifactKey: Guid(74aca5660a7fd4b9eb3611a73c368d15) Importer(815301076,1909f56bfc062723c751e8b465ee728b)
Start importing Assets/GoogleARCore/Examples/AugmentedImage/Materials/Frame/FrameLowerLeft.obj using Guid(74aca5660a7fd4b9eb3611a73c368d15) Importer(815301076,1909f56bfc062723c751e8b465ee728b)  -> (artifact id: 'f8cadd0ed498bbb414b11643eb98e7d5') in 0.023873 seconds 
  Import took 0.027403 seconds .

========================================================================
Received Import Request.
  Time since last request: 0.000133 seconds.
  path: Assets/GoogleARCore/Examples/AugmentedFaces/Materials/FaceOccluderMaterial.mat
  artifactKey: Guid(d8551dc61be7f44668bdd51d1bffe2c9) Importer(815301076,1909f56bfc062723c751e8b465ee728b)
Start importing Assets/GoogleARCore/Examples/AugmentedFaces/Materials/FaceOccluderMaterial.mat using Guid(d8551dc61be7f44668bdd51d1bffe2c9) Importer(815301076,1909f56bfc062723c751e8b465ee728b)  -> (artifact id: 'c2966c1b0bba20873721b19633e88b75') in 0.025545 seconds 
  Import took 0.027852 seconds .

========================================================================
Received Import Request.
  Time since last request: 0.000147 seconds.
  path: Assets/GoogleARCore/Configurations/DefaultCameraConfigFilter.asset
  artifactKey: Guid(200b4cba649e3413088e285251ccf44e) Importer(815301076,1909f56bfc062723c751e8b465ee728b)
Start importing Assets/GoogleARCore/Configurations/DefaultCameraConfigFilter.asset using Guid(200b4cba649e3413088e285251ccf44e) Importer(815301076,1909f56bfc062723c751e8b465ee728b)  -> (artifact id: '9c4b4e6fba58e25925c6d1e09b9469ff') in 0.003547 seconds 
  Import took 0.006105 seconds .

========================================================================
Received Import Request.
  Time since last request: 0.000093 seconds.
  path: Assets/GoogleARCore/Examples/CloudAnchors/Models/Star_01.obj
  artifactKey: Guid(65343d6b8619345468db5951c04f91e9) Importer(815301076,1909f56bfc062723c751e8b465ee728b)
Start importing Assets/GoogleARCore/Examples/CloudAnchors/Models/Star_01.obj using Guid(65343d6b8619345468db5951c04f91e9) Importer(815301076,1909f56bfc062723c751e8b465ee728b)  -> (artifact id: 'ca386581f4b5b558f58e70fe9dcc03a4') in 0.026324 seconds 
  Import took 0.028722 seconds .

========================================================================
Received Import Request.
  Time since last request: 0.000126 seconds.
  path: Assets/GoogleARCore/Examples/Common/Prefabs/DetectedPlaneVisualizer.prefab
  artifactKey: Guid(6a35c744e5010405c847fad90282d2be) Importer(815301076,1909f56bfc062723c751e8b465ee728b)
Start importing Assets/GoogleARCore/Examples/Common/Prefabs/DetectedPlaneVisualizer.prefab using Guid(6a35c744e5010405c847fad90282d2be) Importer(815301076,1909f56bfc062723c751e8b465ee728b)  -> (artifact id: '365a063bccf587243ccccaf6f32a867f') in 0.076525 seconds 
  Import took 0.079083 seconds .

========================================================================
Received Import Request.
  Time since last request: 0.000151 seconds.
  path: Assets/GoogleARCore/Examples/AugmentedImage/Materials/Frame/FrameUpperRight.obj
  artifactKey: Guid(72a7c3ddfe10740bba966d9a6f05202b) Importer(815301076,1909f56bfc062723c751e8b465ee728b)
Start importing Assets/GoogleARCore/Examples/AugmentedImage/Materials/Frame/FrameUpperRight.obj using Guid(72a7c3ddfe10740bba966d9a6f05202b) Importer(815301076,1909f56bfc062723c751e8b465ee728b)  -> (artifact id: 'bb822a160717978d384ff9918220ad2c') in 0.018682 seconds 
  Import took 0.020934 seconds .

========================================================================
Received Import Request.
  Time since last request: 0.000216 seconds.
  path: Assets/GoogleARCore/Examples/Common/Prefabs/DepthPreview.prefab
  artifactKey: Guid(b052e75d5f08f42b382a6ee760f850ca) Importer(815301076,1909f56bfc062723c751e8b465ee728b)
Start importing Assets/GoogleARCore/Examples/Common/Prefabs/DepthPreview.prefab using Guid(b052e75d5f08f42b382a6ee760f850ca) Importer(815301076,1909f56bfc062723c751e8b465ee728b)  -> (artifact id: '2c3ad9de191e44d115c461cb224d6881') in 0.010679 seconds 
  Import took 0.013287 seconds .

========================================================================
Received Import Request.
  Time since last request: 10.275188 seconds.
  path: Assets/GoogleARCore/Examples/Common/Scripts/DetectedPlaneVisualizer.cs
  artifactKey: Guid(23e3f20de6c2e405a93736a38f74b0fb) Importer(815301076,1909f56bfc062723c751e8b465ee728b)
Start importing Assets/GoogleARCore/Examples/Common/Scripts/DetectedPlaneVisualizer.cs using Guid(23e3f20de6c2e405a93736a38f74b0fb) Importer(815301076,1909f56bfc062723c751e8b465ee728b)  -> (artifact id: '7c80d27ab647f91a9b67e136ab73e303') in 0.004009 seconds 
  Import took 0.007024 seconds .

========================================================================
Received Import Request.
  Time since last request: 0.016262 seconds.
  path: Assets/GoogleARCore/Examples/Common/Scripts/DetectedPlaneVisualizer.cs
  artifactKey: Guid(23e3f20de6c2e405a93736a38f74b0fb) Importer(815301076,1909f56bfc062723c751e8b465ee728b)
Start importing Assets/GoogleARCore/Examples/Common/Scripts/DetectedPlaneVisualizer.cs using Guid(23e3f20de6c2e405a93736a38f74b0fb) Importer(815301076,1909f56bfc062723c751e8b465ee728b)  -> (artifact id: '7c80d27ab647f91a9b67e136ab73e303') in 0.000931 seconds 
  Import took 0.003111 seconds .

========================================================================
Received Import Request.
  Time since last request: 8.988839 seconds.
  path: Assets/GoogleARCore/SDK/Scripts/DetectedPlaneType.cs
  artifactKey: Guid(782c7b1f876914134985657c58d06ca3) Importer(815301076,1909f56bfc062723c751e8b465ee728b)
Start importing Assets/GoogleARCore/SDK/Scripts/DetectedPlaneType.cs using Guid(782c7b1f876914134985657c58d06ca3) Importer(815301076,1909f56bfc062723c751e8b465ee728b)  -> (artifact id: '3c9af8d09a1692e88d09a36b3581f457') in 0.003921 seconds 
  Import took 0.006609 seconds .

========================================================================
Received Import Request.
  Time since last request: 0.545689 seconds.
  path: Assets/GoogleARCore/Examples/Common/Scripts/DetectedPlaneGenerator.cs
  artifactKey: Guid(8c669a4cc43174caea1a3748b76f2652) Importer(815301076,1909f56bfc062723c751e8b465ee728b)
Start importing Assets/GoogleARCore/Examples/Common/Scripts/DetectedPlaneGenerator.cs using Guid(8c669a4cc43174caea1a3748b76f2652) Importer(815301076,1909f56bfc062723c751e8b465ee728b)  -> (artifact id: 'ef115b970acecf9400951f568f6d8986') in 0.003874 seconds 
  Import took 0.006458 seconds .

========================================================================
Received Import Request.
  Time since last request: 55.043725 seconds.
  path: Assets/Cube.prefab
  artifactKey: Guid(9d4ca06f991ed3d4b8d51b3a0613a04e) Importer(815301076,1909f56bfc062723c751e8b465ee728b)
Start importing Assets/Cube.prefab using Guid(9d4ca06f991ed3d4b8d51b3a0613a04e) Importer(815301076,1909f56bfc062723c751e8b465ee728b)  -> (artifact id: 'e0040c2b167cd55c9b9c8aec7d2826a9') in 0.007210 seconds 
  Import took 0.009967 seconds .

========================================================================
Received Prepare
Registering precompiled user dll's ...
Registered in 0.003589 seconds.
Begin MonoManager ReloadAssembly
Native extension for WindowsStandalone target not found
Refreshing native plugins compatible for Editor in 0.55 ms, found 3 plugins.
Preloading 0 native plugins for Editor in 0.00 ms.
Mono: successfully reloaded assembly
- Completed reload, in  0.683 seconds
Platform modules already initialized, skipping
Switching build target platform(19) subTarget(0) extendedPlatform(0) -> platform(13) subTarget(524288) extendedPlatform(0)
Refreshing native plugins compatible for Editor in 0.48 ms, found 3 plugins.
Preloading 0 native plugins for Editor in 0.00 ms.
Unloading 2156 Unused Serialized files (Serialized files now loaded: 0)
System memory in use before: 107.1 MB.
System memory in use after: 106.7 MB.

Unloading 44 unused Assets to reduce memory usage. Loaded Objects now: 2634.
Total: 2.529800 ms (FindLiveObjects: 0.176400 ms CreateObjectMapping: 0.038100 ms MarkObjects: 2.015000 ms  DeleteObjects: 0.299600 ms)

AssetImportParameters requested are different than current active one (requested -> active):
  custom:framework-win-MediaFoundation: 216162199b28c13a410421893ffa2e32 -> 
  custom:video-decoder-ogg-theora: a1e56fd34408186e4bbccfd4996cb3dc -> 
  custom:container-muxer-webm: aa71ff27fc2769a1b78a27578f13a17b -> 
  custom:container-demuxer-webm: 4f35f7cbe854078d1ac9338744f61a02 -> 
  custom:container-demuxer-ogg: 62fdf1f143b41e24485cea50d1cbac27 -> 
  custom:video-encoder-webm-vp8: eb34c28f22e8b96e1ab97ce403110664 -> 
  custom:video-decoder-webm-vp8: 9c59270c3fd7afecdb556c50c9e8de78 -> 
  custom:graphics/normal-map-encoding: 01000000000000000000000000000000 -> 02000000000000000000000000000000
  custom:audio-decoder-ogg-vorbis: bf7c407c2cedff20999df2af8eb42d56 -> 
  custom:audio-encoder-webm-vorbis: bf7c407c2cedff20999df2af8eb42d56 -> 
========================================================================
Received Import Request.
  Time since last request: 239.735556 seconds.
  path: Assets/GoogleARCore/Examples/PersistentCloudAnchors/Materials/CircleLineMaterial.mat
  artifactKey: Guid(c7c5fd4334ceb4adf88906f4df64e612) Importer(815301076,1909f56bfc062723c751e8b465ee728b)
Start importing Assets/GoogleARCore/Examples/PersistentCloudAnchors/Materials/CircleLineMaterial.mat using Guid(c7c5fd4334ceb4adf88906f4df64e612) Importer(815301076,1909f56bfc062723c751e8b465ee728b)  -> (artifact id: 'c96208b306e7ea683bb638fc3f8f8c2a') in 0.056552 seconds 
  Import took 0.059768 seconds .

========================================================================
Received Import Request.
  Time since last request: 0.000153 seconds.
  path: Assets/GoogleARCore/Examples/CloudAnchors/Materials/StarDiffuseMaterial.mat
  artifactKey: Guid(0b079db6ee1704c53b8ddfcb4b456b0f) Importer(815301076,1909f56bfc062723c751e8b465ee728b)
Start importing Assets/GoogleARCore/Examples/CloudAnchors/Materials/StarDiffuseMaterial.mat using Guid(0b079db6ee1704c53b8ddfcb4b456b0f) Importer(815301076,1909f56bfc062723c751e8b465ee728b)  -> (artifact id: 'd0f383663de706ae7a0e179505df2ca4') in 0.070466 seconds 
  Import took 0.073183 seconds .

========================================================================
Received Import Request.
  Time since last request: 0.000131 seconds.
  path: Assets/GoogleARCore/Examples/Common/Materials/PawnYellow.mat
  artifactKey: Guid(323489e10f1294dc09fbdd17ce5eddbd) Importer(815301076,1909f56bfc062723c751e8b465ee728b)
Start importing Assets/GoogleARCore/Examples/Common/Materials/PawnYellow.mat using Guid(323489e10f1294dc09fbdd17ce5eddbd) Importer(815301076,1909f56bfc062723c751e8b465ee728b)  -> (artifact id: '9956c3279034cf4d372d4b8d1a02d332') in 0.009904 seconds 
  Import took 0.012482 seconds .

========================================================================
Received Import Request.
  Time since last request: 0.000125 seconds.
  path: Assets/GoogleARCore/Examples/Common/Roboto-Regular.ttf
  artifactKey: Guid(f66655b38428d40769e9e41ee237cbdc) Importer(815301076,1909f56bfc062723c751e8b465ee728b)
Start importing Assets/GoogleARCore/Examples/Common/Roboto-Regular.ttf using Guid(f66655b38428d40769e9e41ee237cbdc) Importer(815301076,1909f56bfc062723c751e8b465ee728b)  -> (artifact id: '8153ff28001b32ff22f4870e804a09f6') in 0.028976 seconds 
  Import took 0.031351 seconds .

========================================================================
Received Import Request.
  Time since last request: 0.000139 seconds.
  path: Assets/GoogleARCore/Examples/AugmentedFaces/Materials/FoxNoiseMaterial.mat
  artifactKey: Guid(3e6f4ede1d3624331a46ec5006f54bb3) Importer(815301076,1909f56bfc062723c751e8b465ee728b)
Start importing Assets/GoogleARCore/Examples/AugmentedFaces/Materials/FoxNoiseMaterial.mat using Guid(3e6f4ede1d3624331a46ec5006f54bb3) Importer(815301076,1909f56bfc062723c751e8b465ee728b)  -> (artifact id: '0145ce24744390b48b8195ba1b50b2ea') in 0.011407 seconds 
  Import took 0.013679 seconds .

========================================================================
Received Import Request.
  Time since last request: 0.000120 seconds.
  path: Assets/GoogleARCore/Examples/Common/Materials/PawnTranslucent.mat
  artifactKey: Guid(1128ebe9a8e984da085c9c3e31c69d76) Importer(815301076,1909f56bfc062723c751e8b465ee728b)
Start importing Assets/GoogleARCore/Examples/Common/Materials/PawnTranslucent.mat using Guid(1128ebe9a8e984da085c9c3e31c69d76) Importer(815301076,1909f56bfc062723c751e8b465ee728b)  -> (artifact id: '98919cf1feba4a10b0ce0ed8c243397d') in 0.023854 seconds 
  Import took 0.026434 seconds .

========================================================================
Received Import Request.
  Time since last request: 0.000125 seconds.
  path: Assets/GoogleARCore/Examples/AugmentedFaces/Materials/FoxFaceMaterial.mat
  artifactKey: Guid(0bd8659d068ce46a184e47548889cadf) Importer(815301076,1909f56bfc062723c751e8b465ee728b)
Start importing Assets/GoogleARCore/Examples/AugmentedFaces/Materials/FoxFaceMaterial.mat using Guid(0bd8659d068ce46a184e47548889cadf) Importer(815301076,1909f56bfc062723c751e8b465ee728b)  -> (artifact id: '6d3ccc3eb65fb1280141707348d90886') in 0.051426 seconds 
  Import took 0.053803 seconds .

========================================================================
Received Import Request.
  Time since last request: 0.000121 seconds.
  path: Assets/GoogleARCore/Examples/ObjectManipulation/Materials/footprint.obj
  artifactKey: Guid(f46e9f4cfc2694e5ea2041902ce3c91c) Importer(815301076,1909f56bfc062723c751e8b465ee728b)
Start importing Assets/GoogleARCore/Examples/ObjectManipulation/Materials/footprint.obj using Guid(f46e9f4cfc2694e5ea2041902ce3c91c) Importer(815301076,1909f56bfc062723c751e8b465ee728b)  -> (artifact id: '2ccc5d3814359249ddbe545bddcf23a1') in 0.026504 seconds 
  Import took 0.028869 seconds .

========================================================================
Received Import Request.
  Time since last request: 0.000143 seconds.
  path: Assets/GoogleARCore/Examples/Common/Materials/PawnGreen.mat
  artifactKey: Guid(497ba9ca2875647c480e107fef5391be) Importer(815301076,1909f56bfc062723c751e8b465ee728b)
Start importing Assets/GoogleARCore/Examples/Common/Materials/PawnGreen.mat using Guid(497ba9ca2875647c480e107fef5391be) Importer(815301076,1909f56bfc062723c751e8b465ee728b)  -> (artifact id: 'fc3ced8b05bf6ea9b18efe1e1b25c591') in 0.006655 seconds 
  Import took 0.008824 seconds .

========================================================================
Received Import Request.
  Time since last request: 0.000112 seconds.
  path: Assets/GoogleARCore/Examples/Common/Materials/PawnBlue.mat
  artifactKey: Guid(70896cee61b874ab4bf0c86e9192ba57) Importer(815301076,1909f56bfc062723c751e8b465ee728b)
Start importing Assets/GoogleARCore/Examples/Common/Materials/PawnBlue.mat using Guid(70896cee61b874ab4bf0c86e9192ba57) Importer(815301076,1909f56bfc062723c751e8b465ee728b)  -> (artifact id: '74c16189afa2eb427d1f8ef8fb7b757c') in 0.006806 seconds 
  Import took 0.008955 seconds .

========================================================================
Received Import Request.
  Time since last request: 0.000122 seconds.
  path: Assets/GoogleARCore/Examples/Common/Materials/PlaneGrid.mat
  artifactKey: Guid(92b1ca249edc047509db2c7bc05789ef) Importer(815301076,1909f56bfc062723c751e8b465ee728b)
Start importing Assets/GoogleARCore/Examples/Common/Materials/PlaneGrid.mat using Guid(92b1ca249edc047509db2c7bc05789ef) Importer(815301076,1909f56bfc062723c751e8b465ee728b)  -> (artifact id: '3086a57f676d7d3f67925a9689426071') in 0.038093 seconds 
  Import took 0.040682 seconds .

========================================================================
Received Import Request.
  Time since last request: 0.000139 seconds.
  path: Assets/GoogleARCore/Examples/PersistentCloudAnchors/Materials/CircleLineMaterial.mat
  artifactKey: Guid(c7c5fd4334ceb4adf88906f4df64e612) Importer(815301076,1909f56bfc062723c751e8b465ee728b)
Start importing Assets/GoogleARCore/Examples/PersistentCloudAnchors/Materials/CircleLineMaterial.mat using Guid(c7c5fd4334ceb4adf88906f4df64e612) Importer(815301076,1909f56bfc062723c751e8b465ee728b)  -> (artifact id: 'c96208b306e7ea683bb638fc3f8f8c2a') in 0.003828 seconds 
  Import took 0.005701 seconds .

========================================================================
Received Import Request.
  Time since last request: 0.000111 seconds.
  path: Assets/GoogleARCore/Examples/PersistentCloudAnchors/Materials/MapQualityBarMaterial.mat
  artifactKey: Guid(c0e772fb0eab7402d87ae289ade06c8a) Importer(815301076,1909f56bfc062723c751e8b465ee728b)
Start importing Assets/GoogleARCore/Examples/PersistentCloudAnchors/Materials/MapQualityBarMaterial.mat using Guid(c0e772fb0eab7402d87ae289ade06c8a) Importer(815301076,1909f56bfc062723c751e8b465ee728b)  -> (artifact id: '7cd2cd0107a6bd55ab04b4775a0f69d9') in 0.006438 seconds 
  Import took 0.008284 seconds .

========================================================================
Received Import Request.
  Time since last request: 0.000102 seconds.
  path: Assets/GoogleARCore/Examples/CloudAnchors/Materials/StarMaterial.mat
  artifactKey: Guid(ec3a918bbcac8403db73f7ef3fb1b51c) Importer(815301076,1909f56bfc062723c751e8b465ee728b)
Start importing Assets/GoogleARCore/Examples/CloudAnchors/Materials/StarMaterial.mat using Guid(ec3a918bbcac8403db73f7ef3fb1b51c) Importer(815301076,1909f56bfc062723c751e8b465ee728b)  -> (artifact id: '9e45c1ec93449d8596d09a92b1aa30fb') in 0.014736 seconds 
  Import took 0.016912 seconds .

========================================================================
Received Import Request.
  Time since last request: 0.000132 seconds.
  path: Assets/GoogleARCore/Examples/Common/Materials/PointCloud.mat
  artifactKey: Guid(fb4fbd1b92e244df2bc6f43deb7a57a2) Importer(815301076,1909f56bfc062723c751e8b465ee728b)
Start importing Assets/GoogleARCore/Examples/Common/Materials/PointCloud.mat using Guid(fb4fbd1b92e244df2bc6f43deb7a57a2) Importer(815301076,1909f56bfc062723c751e8b465ee728b)  -> (artifact id: 'bbb0164a515205d4e2a58db489325263') in 0.022379 seconds 
  Import took 0.025055 seconds .

========================================================================
Received Import Request.
  Time since last request: 0.000139 seconds.
  path: Assets/GoogleARCore/Examples/Common/Materials/ShadowPlane.mat
  artifactKey: Guid(1543111f52ced4f468b402fcf46b850a) Importer(815301076,1909f56bfc062723c751e8b465ee728b)
Start importing Assets/GoogleARCore/Examples/Common/Materials/ShadowPlane.mat using Guid(1543111f52ced4f468b402fcf46b850a) Importer(815301076,1909f56bfc062723c751e8b465ee728b)  -> (artifact id: 'a9245beb7468bb04031a4db9907ee3b7') in 0.008710 seconds 
  Import took 0.011518 seconds .

========================================================================
Received Import Request.
  Time since last request: 0.000168 seconds.
  path: Assets/GoogleARCore/Examples/AugmentedImage/Materials/Frame/Frame Material.mat
  artifactKey: Guid(457696d2cf54b4f558c12777332919a2) Importer(815301076,1909f56bfc062723c751e8b465ee728b)
Start importing Assets/GoogleARCore/Examples/AugmentedImage/Materials/Frame/Frame Material.mat using Guid(457696d2cf54b4f558c12777332919a2) Importer(815301076,1909f56bfc062723c751e8b465ee728b)  -> (artifact id: '715904ebb37d58f54875147792674434') in 0.009822 seconds 
  Import took 0.012733 seconds .

========================================================================
Received Import Request.
  Time since last request: 0.000110 seconds.
  path: Assets/GoogleARCore/Examples/ObjectManipulation/Materials/DottedLineMaterial.mat
  artifactKey: Guid(71ea771be2757425aad4b6170b8dad4a) Importer(815301076,1909f56bfc062723c751e8b465ee728b)
Start importing Assets/GoogleARCore/Examples/ObjectManipulation/Materials/DottedLineMaterial.mat using Guid(71ea771be2757425aad4b6170b8dad4a) Importer(815301076,1909f56bfc062723c751e8b465ee728b)  -> (artifact id: '5617702201348efa26793ce9c2c91504') in 0.007432 seconds 
  Import took 0.009367 seconds .

========================================================================
Received Import Request.
  Time since last request: 0.010608 seconds.
  path: Assets/GoogleARCore/Examples/AugmentedImage/Materials/Frame/Frame Material.mat
  artifactKey: Guid(457696d2cf54b4f558c12777332919a2) Importer(815301076,1909f56bfc062723c751e8b465ee728b)
Start importing Assets/GoogleARCore/Examples/AugmentedImage/Materials/Frame/Frame Material.mat using Guid(457696d2cf54b4f558c12777332919a2) Importer(815301076,1909f56bfc062723c751e8b465ee728b)  -> (artifact id: '715904ebb37d58f54875147792674434') in 0.010073 seconds 
  Import took 0.012128 seconds .

========================================================================
Received Import Request.
  Time since last request: 21.311941 seconds.
  path: Assets/GoogleARCore/Examples/AugmentedFaces/Materials/Textures/highlighter_screen.png
  artifactKey: Guid(ed058af3b47864d9e9a3b66082c76d50) Importer(815301076,1909f56bfc062723c751e8b465ee728b)
Start importing Assets/GoogleARCore/Examples/AugmentedFaces/Materials/Textures/highlighter_screen.png using Guid(ed058af3b47864d9e9a3b66082c76d50) Importer(815301076,1909f56bfc062723c751e8b465ee728b)  -> (artifact id: 'a797e96077ad78a0dc656166e897599c') in 0.049187 seconds 
  Import took 0.052217 seconds .

========================================================================
Received Import Request.
  Time since last request: 3.439316 seconds.
  path: Assets/GoogleARCore/Examples/CloudAnchors/Prefabs/Anchor.prefab
  artifactKey: Guid(d7e51cffc46904f65957fa3aeb255467) Importer(815301076,1909f56bfc062723c751e8b465ee728b)
Start importing Assets/GoogleARCore/Examples/CloudAnchors/Prefabs/Anchor.prefab using Guid(d7e51cffc46904f65957fa3aeb255467) Importer(815301076,1909f56bfc062723c751e8b465ee728b)  -> (artifact id: '3df837850c1495ecd5076b72f320eda3') in 0.011796 seconds 
  Import took 0.014621 seconds .

========================================================================
Received Prepare
Registering precompiled user dll's ...
Registered in 0.003448 seconds.
Begin MonoManager ReloadAssembly
Native extension for WindowsStandalone target not found
Refreshing native plugins compatible for Editor in 0.56 ms, found 3 plugins.
Preloading 0 native plugins for Editor in 0.00 ms.
Mono: successfully reloaded assembly
- Completed reload, in  0.683 seconds
Platform modules already initialized, skipping
Switching build target platform(19) subTarget(0) extendedPlatform(0) -> platform(13) subTarget(524288) extendedPlatform(0)
Refreshing native plugins compatible for Editor in 0.45 ms, found 3 plugins.
Preloading 0 native plugins for Editor in 0.00 ms.
Unloading 2149 Unused Serialized files (Serialized files now loaded: 0)
System memory in use before: 106.8 MB.
System memory in use after: 106.6 MB.

Unloading 40 unused Assets to reduce memory usage. Loaded Objects now: 2648.
Total: 2.547600 ms (FindLiveObjects: 0.193700 ms CreateObjectMapping: 0.045800 ms MarkObjects: 2.046800 ms  DeleteObjects: 0.260400 ms)

AssetImportParameters requested are different than current active one (requested -> active):
  custom:framework-win-MediaFoundation: 216162199b28c13a410421893ffa2e32 -> 
  custom:video-decoder-ogg-theora: a1e56fd34408186e4bbccfd4996cb3dc -> 
  custom:container-muxer-webm: aa71ff27fc2769a1b78a27578f13a17b -> 
  custom:container-demuxer-webm: 4f35f7cbe854078d1ac9338744f61a02 -> 
  custom:container-demuxer-ogg: 62fdf1f143b41e24485cea50d1cbac27 -> 
  custom:video-encoder-webm-vp8: eb34c28f22e8b96e1ab97ce403110664 -> 
  custom:video-decoder-webm-vp8: 9c59270c3fd7afecdb556c50c9e8de78 -> 
  custom:graphics/normal-map-encoding: 01000000000000000000000000000000 -> 02000000000000000000000000000000
  custom:audio-decoder-ogg-vorbis: bf7c407c2cedff20999df2af8eb42d56 -> 
  custom:audio-encoder-webm-vorbis: bf7c407c2cedff20999df2af8eb42d56 -> 
========================================================================
Received Prepare
Registering precompiled user dll's ...
Registered in 0.003551 seconds.
Begin MonoManager ReloadAssembly
Native extension for WindowsStandalone target not found
Refreshing native plugins compatible for Editor in 0.82 ms, found 3 plugins.
Preloading 0 native plugins for Editor in 0.00 ms.
Mono: successfully reloaded assembly
- Completed reload, in  0.686 seconds
Platform modules already initialized, skipping
Switching build target platform(19) subTarget(0) extendedPlatform(0) -> platform(13) subTarget(524288) extendedPlatform(0)
Refreshing native plugins compatible for Editor in 0.47 ms, found 3 plugins.
Preloading 0 native plugins for Editor in 0.00 ms.
Unloading 2148 Unused Serialized files (Serialized files now loaded: 0)
System memory in use before: 106.8 MB.
System memory in use after: 106.5 MB.

Unloading 40 unused Assets to reduce memory usage. Loaded Objects now: 2652.
Total: 2.260000 ms (FindLiveObjects: 0.190800 ms CreateObjectMapping: 0.041000 ms MarkObjects: 1.740100 ms  DeleteObjects: 0.287600 ms)

AssetImportParameters requested are different than current active one (requested -> active):
  custom:framework-win-MediaFoundation: 216162199b28c13a410421893ffa2e32 -> 
  custom:video-decoder-ogg-theora: a1e56fd34408186e4bbccfd4996cb3dc -> 
  custom:container-muxer-webm: aa71ff27fc2769a1b78a27578f13a17b -> 
  custom:container-demuxer-webm: 4f35f7cbe854078d1ac9338744f61a02 -> 
  custom:container-demuxer-ogg: 62fdf1f143b41e24485cea50d1cbac27 -> 
  custom:video-encoder-webm-vp8: eb34c28f22e8b96e1ab97ce403110664 -> 
  custom:video-decoder-webm-vp8: 9c59270c3fd7afecdb556c50c9e8de78 -> 
  custom:graphics/normal-map-encoding: 01000000000000000000000000000000 -> 02000000000000000000000000000000
  custom:audio-decoder-ogg-vorbis: bf7c407c2cedff20999df2af8eb42d56 -> 
  custom:audio-encoder-webm-vorbis: bf7c407c2cedff20999df2af8eb42d56 -> 
========================================================================
Received Import Request.
  Time since last request: 193.145832 seconds.
  path: Assets/Cube.prefab
  artifactKey: Guid(9d4ca06f991ed3d4b8d51b3a0613a04e) Importer(815301076,1909f56bfc062723c751e8b465ee728b)
Start importing Assets/Cube.prefab using Guid(9d4ca06f991ed3d4b8d51b3a0613a04e) Importer(815301076,1909f56bfc062723c751e8b465ee728b)  -> (artifact id: '328fbebffd4d70facbad2cd7297608e3') in 0.036231 seconds 
  Import took 0.038821 seconds .

========================================================================
Received Import Request.
  Time since last request: 0.227985 seconds.
  path: Assets/Cube.prefab
  artifactKey: Guid(9d4ca06f991ed3d4b8d51b3a0613a04e) Importer(815301076,1909f56bfc062723c751e8b465ee728b)
Start importing Assets/Cube.prefab using Guid(9d4ca06f991ed3d4b8d51b3a0613a04e) Importer(815301076,1909f56bfc062723c751e8b465ee728b)  -> (artifact id: '61493614e1bc25f856eec40a8b100068') in 0.010691 seconds 
  Import took 0.013664 seconds .

AssetImportWorkerClient::OnTransportError - code=2 error=End of file
